  time.cpp
  texture.cpp
  sky.cpp
  score.cpp
  scene.cpp
  renderer.cpp
  player.cpp
  particle.cpp
  orbit.cpp
  objectbillboard.cpp
  objectX.cpp
  object3D.cpp
  object2D.cpp
  object.cpp
  number.cpp
  motion.cpp
  model.cpp
  manager.cpp
  main.cpp
  lockon.cpp
  コードを生成中...
  コンパイル中...
  light.cpp
  input.cpp
  field.cpp
  fade.cpp
  enemymanager.cpp
  enemy.cpp
  effect.cpp
  debugproc.cpp
  collision.cpp
  camera.cpp
  bullet.cpp
  block.cpp
  bgmulti.cpp
  bg.cpp
  baselife.cpp
  コードを生成中...
  actiongameC++000.vcxproj -> C:\個人\github\actiongameRemake\actiongameC++000\Debug\actiongameC++000.exe
  actiongameC++000.vcxproj -> C:\個人\github\actiongameRemake\actiongameC++000\Debug\actiongameC++000.pdb (Full PDB)
