  bg.cpp
  bgmulti.cpp
  bullet.cpp
  camera.cpp
  debugproc.cpp
  effect.cpp
  enemy.cpp
  enemymanager.cpp
  fade.cpp
  field.cpp
  input.cpp
  light.cpp
  lockon.cpp
  main.cpp
  manager.cpp
  model.cpp
  motion.cpp
  number.cpp
  object.cpp
  object2D.cpp
  コンパイル中...
  object3D.cpp
  objectX.cpp
  objectbillboard.cpp
  orbit.cpp
  particle.cpp
  player.cpp
  renderer.cpp
  scene.cpp
  score.cpp
  sky.cpp
  texture.cpp
  time.cpp
  コード生成しています。
  102 of 642 functions (15.9%) were compiled, the rest were copied from previous compilation.
    10 functions were new in current compilation
    1 functions had inline decision re-evaluated but remain unchanged
  コード生成が終了しました。
  actiongameC++000.vcxproj -> C:\個人\github\actiongameRemake\actiongameC++000\actiongameC++000.exe
  actiongameC++000.vcxproj -> C:\個人\github\actiongameRemake\actiongameC++000\actiongameC++000.pdb (Full PDB)
